Pig Stack Trace
---------------
ERROR 1200: <file load_hbase_with_pig.pig, line 9, column 0>  mismatched input 'STORE' expecting SEMI_COLON

org.apache.pig.impl.logicalLayer.FrontendException: ERROR 1000: Error during parsing. <file load_hbase_with_pig.pig, line 9, column 0>  mismatched input 'STORE' expecting SEMI_COLON
	at org.apache.pig.PigServer$Graph.parseQuery(PigServer.java:1832)
	at org.apache.pig.PigServer$Graph.access$000(PigServer.java:1527)
	at org.apache.pig.PigServer.parseAndBuild(PigServer.java:460)
	at org.apache.pig.PigServer.executeBatch(PigServer.java:485)
	at org.apache.pig.PigServer.executeBatch(PigServer.java:471)
	at org.apache.pig.tools.grunt.GruntParser.executeBatch(GruntParser.java:170)
	at org.apache.pig.tools.grunt.GruntParser.parseStopOnError(GruntParser.java:233)
	at org.apache.pig.tools.grunt.GruntParser.parseStopOnError(GruntParser.java:204)
	at org.apache.pig.tools.grunt.Grunt.exec(Grunt.java:81)
	at org.apache.pig.Main.run(Main.java:630)
	at org.apache.pig.Main.main(Main.java:175)
	at sun.reflect.NativeMethodAccessorImpl.invoke0(Native Method)
	at sun.reflect.NativeMethodAccessorImpl.invoke(NativeMethodAccessorImpl.java:62)
	at sun.reflect.DelegatingMethodAccessorImpl.invoke(DelegatingMethodAccessorImpl.java:43)
	at java.lang.reflect.Method.invoke(Method.java:498)
	at org.apache.hadoop.util.RunJar.run(RunJar.java:233)
	at org.apache.hadoop.util.RunJar.main(RunJar.java:148)
Caused by: Failed to parse: <file load_hbase_with_pig.pig, line 9, column 0>  mismatched input 'STORE' expecting SEMI_COLON
	at org.apache.pig.parser.QueryParserDriver.parse(QueryParserDriver.java:244)
	at org.apache.pig.parser.QueryParserDriver.parse(QueryParserDriver.java:182)
	at org.apache.pig.PigServer$Graph.parseQuery(PigServer.java:1819)
	... 16 more
================================================================================
