Pig Stack Trace
---------------
ERROR 2118: Input path does not exist: hdfs://sandbox-hdp.hortonworks.com:8020/user/root/~/Training/Data/users.dat

org.apache.pig.impl.plan.VisitorException: ERROR 0: org.apache.pig.backend.executionengine.ExecException: ERROR 2118: Input path does not exist: hdfs://sandbox-hdp.hortonworks.com:8020/user/root/~/Training/Data/users.dat
	at org.apache.pig.backend.hadoop.executionengine.tez.plan.optimizer.LoaderProcessor.visitTezOp(LoaderProcessor.java:185)
	at org.apache.pig.backend.hadoop.executionengine.tez.plan.TezOperator.visit(TezOperator.java:255)
	at org.apache.pig.backend.hadoop.executionengine.tez.plan.TezOperator.visit(TezOperator.java:56)
	at org.apache.pig.impl.plan.DependencyOrderWalker.walk(DependencyOrderWalker.java:87)
	at org.apache.pig.impl.plan.PlanVisitor.visit(PlanVisitor.java:46)
	at org.apache.pig.backend.hadoop.executionengine.tez.TezLauncher.processLoadAndParallelism(TezLauncher.java:500)
	at org.apache.pig.backend.hadoop.executionengine.tez.TezLauncher.launchPig(TezLauncher.java:186)
	at org.apache.pig.backend.hadoop.executionengine.HExecutionEngine.launchPig(HExecutionEngine.java:308)
	at org.apache.pig.PigServer.launchPlan(PigServer.java:1474)
	at org.apache.pig.PigServer.executeCompiledLogicalPlan(PigServer.java:1459)
	at org.apache.pig.PigServer.execute(PigServer.java:1448)
	at org.apache.pig.PigServer.executeBatch(PigServer.java:488)
	at org.apache.pig.PigServer.executeBatch(PigServer.java:471)
	at org.apache.pig.tools.grunt.GruntParser.executeBatch(GruntParser.java:170)
	at org.apache.pig.tools.grunt.GruntParser.parseStopOnError(GruntParser.java:233)
	at org.apache.pig.tools.grunt.GruntParser.parseStopOnError(GruntParser.java:204)
	at org.apache.pig.tools.grunt.Grunt.exec(Grunt.java:81)
	at org.apache.pig.Main.run(Main.java:630)
	at org.apache.pig.Main.main(Main.java:175)
	at sun.reflect.NativeMethodAccessorImpl.invoke0(Native Method)
	at sun.reflect.NativeMethodAccessorImpl.invoke(NativeMethodAccessorImpl.java:62)
	at sun.reflect.DelegatingMethodAccessorImpl.invoke(DelegatingMethodAccessorImpl.java:43)
	at java.lang.reflect.Method.invoke(Method.java:498)
	at org.apache.hadoop.util.RunJar.run(RunJar.java:233)
	at org.apache.hadoop.util.RunJar.main(RunJar.java:148)
Caused by: org.apache.pig.backend.executionengine.ExecException: ERROR 2118: Input path does not exist: hdfs://sandbox-hdp.hortonworks.com:8020/user/root/~/Training/Data/users.dat
	at org.apache.pig.backend.hadoop.executionengine.mapReduceLayer.PigInputFormat.getSplits(PigInputFormat.java:279)
	at org.apache.tez.mapreduce.hadoop.MRInputHelpers.generateNewSplits(MRInputHelpers.java:413)
	at org.apache.tez.mapreduce.hadoop.MRInputHelpers.generateInputSplitsToMem(MRInputHelpers.java:292)
	at org.apache.pig.backend.hadoop.executionengine.tez.plan.optimizer.LoaderProcessor.processLoads(LoaderProcessor.java:169)
	at org.apache.pig.backend.hadoop.executionengine.tez.plan.optimizer.LoaderProcessor.visitTezOp(LoaderProcessor.java:182)
	... 24 more
Caused by: org.apache.hadoop.mapreduce.lib.input.InvalidInputException: Input path does not exist: hdfs://sandbox-hdp.hortonworks.com:8020/user/root/~/Training/Data/users.dat
	at org.apache.hadoop.mapreduce.lib.input.FileInputFormat.singleThreadedListStatus(FileInputFormat.java:323)
	at org.apache.hadoop.mapreduce.lib.input.FileInputFormat.listStatus(FileInputFormat.java:265)
	at org.apache.hadoop.mapreduce.lib.input.FileInputFormat.getSplits(FileInputFormat.java:387)
	at org.apache.pig.backend.hadoop.executionengine.mapReduceLayer.PigInputFormat.getSplits(PigInputFormat.java:265)
	... 28 more
================================================================================
